<?xml version="1.0" encoding="utf-8"?>
<?AutomationStudio Version="6.5.1.7"?>
<Objects>
  <Object
    Path="C:\Praktyki\Guziczki i swiatelka\Guziczki_i_swiatelka\Logical\Package.pkg"
    LogicalPath=""
    Type="Package.ParentUnknown"
    LastWriteTime="134176935835161439" />
  <Object
    Path="C:\Praktyki\Guziczki i swiatelka\Guziczki_i_swiatelka\Logical\Global.typ"
    LogicalPath="Global.typ"
    Type="File"
    LastWriteTime="134146893100000000"
    Private="false" />
  <Object
    Path="C:\Praktyki\Guziczki i swiatelka\Guziczki_i_swiatelka\Logical\Global.var"
    LogicalPath="Global.var"
    Type="File"
    LastWriteTime="134176935479105356"
    Private="false" />
  <Object
    Path="C:\Praktyki\Guziczki i swiatelka\Guziczki_i_swiatelka\Logical\Libraries\Package.pkg"
    LogicalPath="Libraries"
    Type="Package"
    LastWriteTime="134176961888237876" />
  <Object
    Path="C:\Praktyki\Guziczki i swiatelka\Guziczki_i_swiatelka\Logical\Libraries\operator\binary.lby"
    LogicalPath="Libraries.operator"
    Type="Library"
    LastWriteTime="134176899061974722" />
  <Object
    Path="C:\Praktyki\Guziczki i swiatelka\Guziczki_i_swiatelka\Logical\Libraries\operator\operator.fun"
    LogicalPath="Libraries.operator.operator.fun"
    Type="File"
    LastWriteTime="134176899061834461"
    Private="false" />
  <Object
    Path="C:\Praktyki\Guziczki i swiatelka\Guziczki_i_swiatelka\Logical\Libraries\operator\operator.typ"
    LogicalPath="Libraries.operator.operator.typ"
    Type="File"
    LastWriteTime="134176899061904747"
    Private="false" />
  <Object
    Path="C:\Praktyki\Guziczki i swiatelka\Guziczki_i_swiatelka\Logical\Libraries\operator\operator.var"
    LogicalPath="Libraries.operator.operator.var"
    Type="File"
    LastWriteTime="134176899061954693"
    Private="false" />
  <Object
    Path="C:\Praktyki\Guziczki i swiatelka\Guziczki_i_swiatelka\Logical\Libraries\runtime\binary.lby"
    LogicalPath="Libraries.runtime"
    Type="Library"
    LastWriteTime="134176899062534736" />
  <Object
    Path="C:\Praktyki\Guziczki i swiatelka\Guziczki_i_swiatelka\Logical\Libraries\runtime\runtime.fun"
    LogicalPath="Libraries.runtime.runtime.fun"
    Type="File"
    LastWriteTime="134176899062444393"
    Private="false" />
  <Object
    Path="C:\Praktyki\Guziczki i swiatelka\Guziczki_i_swiatelka\Logical\Libraries\runtime\runtime.typ"
    LogicalPath="Libraries.runtime.runtime.typ"
    Type="File"
    LastWriteTime="134176899062484359"
    Private="false" />
  <Object
    Path="C:\Praktyki\Guziczki i swiatelka\Guziczki_i_swiatelka\Logical\Libraries\runtime\runtime.var"
    LogicalPath="Libraries.runtime.runtime.var"
    Type="File"
    LastWriteTime="134176899062514418"
    Private="false" />
  <Object
    Path="C:\Praktyki\Guziczki i swiatelka\Guziczki_i_swiatelka\Logical\Libraries\AsIecCon\binary.lby"
    LogicalPath="Libraries.AsIecCon"
    Type="Library"
    LastWriteTime="134176899062864694" />
  <Object
    Path="C:\Praktyki\Guziczki i swiatelka\Guziczki_i_swiatelka\Logical\Libraries\AsIecCon\AsIecCon.fun"
    LogicalPath="Libraries.AsIecCon.AsIecCon.fun"
    Type="File"
    LastWriteTime="134176899062794312"
    Private="false" />
  <Object
    Path="C:\Praktyki\Guziczki i swiatelka\Guziczki_i_swiatelka\Logical\Libraries\AsIecCon\AsIecCon.typ"
    LogicalPath="Libraries.AsIecCon.AsIecCon.typ"
    Type="File"
    LastWriteTime="134176899062824712"
    Private="false" />
  <Object
    Path="C:\Praktyki\Guziczki i swiatelka\Guziczki_i_swiatelka\Logical\Libraries\AsIecCon\AsIecCon.var"
    LogicalPath="Libraries.AsIecCon.AsIecCon.var"
    Type="File"
    LastWriteTime="134176899062854352"
    Private="false" />
  <Object
    Path="C:\Praktyki\Guziczki i swiatelka\Guziczki_i_swiatelka\Logical\Libraries\standard\binary.lby"
    LogicalPath="Libraries.standard"
    Type="Library"
    LastWriteTime="134176961888147418" />
  <Object
    Path="C:\Praktyki\Guziczki i swiatelka\Guziczki_i_swiatelka\Logical\Libraries\standard\standard.fun"
    LogicalPath="Libraries.standard.standard.fun"
    Type="File"
    LastWriteTime="134176961887957784"
    Private="false" />
  <Object
    Path="C:\Praktyki\Guziczki i swiatelka\Guziczki_i_swiatelka\Logical\Libraries\standard\standard.typ"
    LogicalPath="Libraries.standard.standard.typ"
    Type="File"
    LastWriteTime="134176961888047789"
    Private="false" />
  <Object
    Path="C:\Praktyki\Guziczki i swiatelka\Guziczki_i_swiatelka\Logical\Libraries\standard\standard.var"
    LogicalPath="Libraries.standard.standard.var"
    Type="File"
    LastWriteTime="134176961888107790"
    Private="false" />
  <Object
    Path="C:\Praktyki\Guziczki i swiatelka\Guziczki_i_swiatelka\Logical\Program1\IEC.prg"
    LogicalPath="Program1"
    Type="Program"
    LastWriteTime="134177790560805442" />
  <Object
    Path="C:\Praktyki\Guziczki i swiatelka\Guziczki_i_swiatelka\Logical\Program1\Main.st"
    LogicalPath="Program1.Main.st"
    Type="File"
    LastWriteTime="134177769494358182"
    Private="false" />
  <Object
    Path="C:\Praktyki\Guziczki i swiatelka\Guziczki_i_swiatelka\Logical\Program1\Types.typ"
    LogicalPath="Program1.Types.typ"
    Type="File"
    LastWriteTime="134176955277464038"
    Private="true" />
  <Object
    Path="C:\Praktyki\Guziczki i swiatelka\Guziczki_i_swiatelka\Logical\Program1\Variables.var"
    LogicalPath="Program1.Variables.var"
    Type="File"
    LastWriteTime="134177738760746171"
    Private="true" />
  <Object
    Path="C:\Praktyki\Guziczki i swiatelka\Guziczki_i_swiatelka\Logical\Program1\LocalFunctions.fun"
    LogicalPath="Program1.LocalFunctions.fun"
    Type="File"
    LastWriteTime="134177823547110702"
    Private="true" />
  <Object
    Path="C:\Praktyki\Guziczki i swiatelka\Guziczki_i_swiatelka\Logical\Program1\PWM.st"
    LogicalPath="Program1.PWM.st"
    Type="File"
    LastWriteTime="134177823657980980"
    Private="false" />
  <Object
    Path="C:\Praktyki\Guziczki i swiatelka\Guziczki_i_swiatelka\Physical\Config1\Config.pkg"
    LogicalPath="Config1"
    Type="Configuration.ParentUnknown"
    LastWriteTime="134176905413368752" />
  <Object
    Path="C:\Praktyki\Guziczki i swiatelka\Guziczki_i_swiatelka\Physical\Config1\Hardware.hw"
    LogicalPath="Config1.Hardware.hw"
    Type="File"
    LastWriteTime="134177765153529770"
    Private="false" />
  <Object
    Path="C:\Praktyki\Guziczki i swiatelka\Guziczki_i_swiatelka\Physical\Config1\Hardware.hwl"
    LogicalPath="Config1.Hardware.hwl"
    Type="File"
    LastWriteTime="134176907327753837"
    Private="false" />
  <Object
    Path="C:\Praktyki\Guziczki i swiatelka\Guziczki_i_swiatelka\Physical\Config1\X20CP0410\Cpu.pkg"
    LogicalPath="Config1.X20CP0410"
    Type="Cpu"
    LastWriteTime="134177740487457784" />
  <Object
    Path="C:\Praktyki\Guziczki i swiatelka\Guziczki_i_swiatelka\Physical\Config1\X20CP0410\Cpu.sw"
    LogicalPath="Config1.X20CP0410.Cpu.sw"
    Type="File"
    LastWriteTime="134176961888937802"
    Private="false" />
  <Object
    Path="C:\Praktyki\Guziczki i swiatelka\Guziczki_i_swiatelka\Physical\Config1\X20CP0410\Cpu.per"
    LogicalPath="Config1.X20CP0410.Cpu.per"
    Type="File"
    LastWriteTime="134146893100000000"
    Private="false" />
  <Object
    Path="C:\Praktyki\Guziczki i swiatelka\Guziczki_i_swiatelka\Physical\Config1\X20CP0410\IoMap.iom"
    LogicalPath="Config1.X20CP0410.IoMap.iom"
    Type="File"
    LastWriteTime="134177764609144583"
    Private="false" />
  <Object
    Path="C:\Praktyki\Guziczki i swiatelka\Guziczki_i_swiatelka\Physical\Config1\X20CP0410\PvMap.vvm"
    LogicalPath="Config1.X20CP0410.PvMap.vvm"
    Type="File"
    LastWriteTime="134146893100000000"
    Private="false" />
  <Object
    Path="C:\Praktyki\Guziczki i swiatelka\Guziczki_i_swiatelka\Physical\Config1\X20CP0410\Connectivity\Package.pkg"
    LogicalPath="Config1.X20CP0410.Connectivity"
    Type="Package"
    LastWriteTime="134176899065134709" />
  <Object
    Path="C:\Praktyki\Guziczki i swiatelka\Guziczki_i_swiatelka\Physical\Config1\X20CP0410\Connectivity\OpcUaCs\Package.pkg"
    LogicalPath="Config1.X20CP0410.Connectivity.OpcUaCs"
    Type="Package"
    LastWriteTime="134176899065074710" />
  <Object
    Path="C:\Praktyki\Guziczki i swiatelka\Guziczki_i_swiatelka\Physical\Config1\X20CP0410\Connectivity\OpcUaCs\UaCsConfig.uacfg"
    LogicalPath="Config1.X20CP0410.Connectivity.OpcUaCs.UaCsConfig.uacfg"
    Type="File"
    LastWriteTime="134176899065024355"
    Private="false" />
  <Object
    Path="C:\Praktyki\Guziczki i swiatelka\Guziczki_i_swiatelka\Physical\Config1\X20CP0410\Connectivity\OpcUaCs\UaDvConfig.uadcfg"
    LogicalPath="Config1.X20CP0410.Connectivity.OpcUaCs.UaDvConfig.uadcfg"
    Type="File"
    LastWriteTime="134176899065054359"
    Private="false" />
  <Object
    Path="C:\Praktyki\Guziczki i swiatelka\Guziczki_i_swiatelka\Physical\Config1\X20CP0410\Connectivity\OpcUaFx\Package.pkg"
    LogicalPath="Config1.X20CP0410.Connectivity.OpcUaFx"
    Type="Package"
    LastWriteTime="134176899065124705" />
  <Object
    Path="C:\Praktyki\Guziczki i swiatelka\Guziczki_i_swiatelka\Physical\Config1\X20CP0410\TextSystem\Package.pkg"
    LogicalPath="Config1.X20CP0410.TextSystem"
    Type="Package"
    LastWriteTime="134176899065184707" />
  <Object
    Path="C:\Praktyki\Guziczki i swiatelka\Guziczki_i_swiatelka\Physical\Config1\X20CP0410\UnitSystem\Package.pkg"
    LogicalPath="Config1.X20CP0410.UnitSystem"
    Type="Package"
    LastWriteTime="134176899065244723" />
  <Object
    Path="C:\Praktyki\Guziczki i swiatelka\Guziczki_i_swiatelka\Physical\Config1\X20CP0410\AccessAndSecurity\Package.pkg"
    LogicalPath="Config1.X20CP0410.AccessAndSecurity"
    Type="Package"
    LastWriteTime="134176899065954726" />
  <Object
    Path="C:\Praktyki\Guziczki i swiatelka\Guziczki_i_swiatelka\Physical\Config1\X20CP0410\AccessAndSecurity\UserRoleSystem\Package.pkg"
    LogicalPath="Config1.X20CP0410.AccessAndSecurity.UserRoleSystem"
    Type="Package"
    LastWriteTime="134176899065384542" />
  <Object
    Path="C:\Praktyki\Guziczki i swiatelka\Guziczki_i_swiatelka\Physical\Config1\X20CP0410\AccessAndSecurity\UserRoleSystem\BRRole.brrole"
    LogicalPath="Config1.X20CP0410.AccessAndSecurity.UserRoleSystem.BRRole.brrole"
    Type="File"
    LastWriteTime="134176899065364716"
    Private="false" />
  <Object
    Path="C:\Praktyki\Guziczki i swiatelka\Guziczki_i_swiatelka\Physical\Config1\X20CP0410\AccessAndSecurity\CertificateStore\Package.pkg"
    LogicalPath="Config1.X20CP0410.AccessAndSecurity.CertificateStore"
    Type="Package"
    LastWriteTime="134176899065764427" />
  <Object
    Path="C:\Praktyki\Guziczki i swiatelka\Guziczki_i_swiatelka\Physical\Config1\X20CP0410\AccessAndSecurity\CertificateStore\OwnCertificates\Package.pkg"
    LogicalPath="Config1.X20CP0410.AccessAndSecurity.CertificateStore.OwnCertificates"
    Type="Package"
    LastWriteTime="134176899065564696" />
  <Object
    Path="C:\Praktyki\Guziczki i swiatelka\Guziczki_i_swiatelka\Physical\Config1\X20CP0410\AccessAndSecurity\CertificateStore\OwnCertificates\Certificates\Package.pkg"
    LogicalPath="Config1.X20CP0410.AccessAndSecurity.CertificateStore.OwnCertificates.Certificates"
    Type="Package"
    LastWriteTime="134176899065504697" />
  <Object
    Path="C:\Praktyki\Guziczki i swiatelka\Guziczki_i_swiatelka\Physical\Config1\X20CP0410\AccessAndSecurity\CertificateStore\OwnCertificates\PrivateKeys\Package.pkg"
    LogicalPath="Config1.X20CP0410.AccessAndSecurity.CertificateStore.OwnCertificates.PrivateKeys"
    Type="Package"
    LastWriteTime="134176899065554750" />
  <Object
    Path="C:\Praktyki\Guziczki i swiatelka\Guziczki_i_swiatelka\Physical\Config1\X20CP0410\AccessAndSecurity\CertificateStore\ThirdPartyCertificates\Package.pkg"
    LogicalPath="Config1.X20CP0410.AccessAndSecurity.CertificateStore.ThirdPartyCertificates"
    Type="Package"
    LastWriteTime="134176899065654402" />
  <Object
    Path="C:\Praktyki\Guziczki i swiatelka\Guziczki_i_swiatelka\Physical\Config1\X20CP0410\AccessAndSecurity\CertificateStore\ThirdPartyCertificates\SoftwareCertificates\Package.pkg"
    LogicalPath="Config1.X20CP0410.AccessAndSecurity.CertificateStore.ThirdPartyCertificates.SoftwareCertificates"
    Type="Package"
    LastWriteTime="134176899065644710" />
  <Object
    Path="C:\Praktyki\Guziczki i swiatelka\Guziczki_i_swiatelka\Physical\Config1\X20CP0410\AccessAndSecurity\CertificateStore\CertificateRevocationLists\Package.pkg"
    LogicalPath="Config1.X20CP0410.AccessAndSecurity.CertificateStore.CertificateRevocationLists"
    Type="Package"
    LastWriteTime="134176899065704697" />
  <Object
    Path="C:\Praktyki\Guziczki i swiatelka\Guziczki_i_swiatelka\Physical\Config1\X20CP0410\AccessAndSecurity\CertificateStore\CertificateSigningRequests\Package.pkg"
    LogicalPath="Config1.X20CP0410.AccessAndSecurity.CertificateStore.CertificateSigningRequests"
    Type="Package"
    LastWriteTime="134176899065744696" />
  <Object
    Path="C:\Praktyki\Guziczki i swiatelka\Guziczki_i_swiatelka\Physical\Config1\X20CP0410\AccessAndSecurity\ManagedCertificateStores\Package.pkg"
    LogicalPath="Config1.X20CP0410.AccessAndSecurity.ManagedCertificateStores"
    Type="Package"
    LastWriteTime="134176899065814729" />
  <Object
    Path="C:\Praktyki\Guziczki i swiatelka\Guziczki_i_swiatelka\Physical\Config1\X20CP0410\AccessAndSecurity\TransportLayerSecurity\Package.pkg"
    LogicalPath="Config1.X20CP0410.AccessAndSecurity.TransportLayerSecurity"
    Type="Package"
    LastWriteTime="134176899065854698" />
  <Object
    Path="C:\Praktyki\Guziczki i swiatelka\Guziczki_i_swiatelka\Physical\Config1\X20CP0410\AccessAndSecurity\Firewall\Package.pkg"
    LogicalPath="Config1.X20CP0410.AccessAndSecurity.Firewall"
    Type="Package"
    LastWriteTime="134176899065934708" />
  <Object
    Path="C:\Praktyki\Guziczki i swiatelka\Guziczki_i_swiatelka\Physical\Config1\X20CP0410\AccessAndSecurity\Firewall\Rules.firewallRules"
    LogicalPath="Config1.X20CP0410.AccessAndSecurity.Firewall.Rules.firewallRules"
    Type="File"
    LastWriteTime="134176899065914362"
    Private="false" />
  <Object
    Path="C:\Praktyki\Guziczki i swiatelka\Guziczki_i_swiatelka\Physical\Config1\Hardware.jpg"
    LogicalPath="Config1.Hardware.jpg"
    Type="File"
    LastWriteTime="134176905413268288"
    Private="false" />
</Objects>